Active-HDL 8.3.2120.sp1.14.3884  2024-12-28 13:27:07

Elaboration top modules:
Architecture                  tb_architecture(mazegen_tb)


------------------------------------------------------------------------------------------------------
Entity     | Architecture    | Library | Info | Compiler Version                | Compilation Options
------------------------------------------------------------------------------------------------------
mazegen_tb | tb_architecture | work    |      | 8.3.2120.sp1.14.3884  (Windows) | -O3 -2002
MazeGen    | mazebehv        | work    |      | 8.3.2120.sp1.14.3884  (Windows) | -O3 -2002
------------------------------------------------------------------------------------------------------

------------------------------------------------------------------------------------------------------
VHDL Package                 | Library | Info | Compiler Version                | Compilation Options
------------------------------------------------------------------------------------------------------
standard                     | std     |      |                                 | <unavailable>
TEXTIO                       | std     |      | 8.3.2120.sp1.14.3884  (Windows) | -2008
std_logic_1164               | ieee    |      | 8.3.2120.sp1.14.3884  (Windows) | -2008
MazeTypes                    | work    |      | 8.3.2120.sp1.14.3884  (Windows) | -O3 -2002
NUMERIC_STD                  | ieee    |      | 8.3.2120.sp1.14.3884  (Windows) | -2008
------------------------------------------------------------------------------------------------------

------------------------------------------------------------------------------------------------------
Library                      | Comment
------------------------------------------------------------------------------------------------------
ieee                         | Standard IEEE packages library
std                          | Standard VHDL library
work                         | None
------------------------------------------------------------------------------------------------------
